<?xml version="1.0" encoding="UTF-8"?>
<testsuite xmlns:xsi="http://www.w3.org/2001/XMLSchema-instance" xsi:noNamespaceSchemaLocation="https://maven.apache.org/surefire/maven-surefire-plugin/xsd/surefire-test-report-3.0.xsd" version="3.0" name="TestSuite" time="28.688" tests="1" errors="0" skipped="0" failures="0">
  <properties>
[...]
</properties>
  <testcase name="addNewCustomer" classname="com.nopcommerce.testCases.TC_AddCustomerTest_003" time="20.927">
    <system-out><![CDATA[ INFO [main] (TC_AddCustomerTest_003.java:25)- User name is provided
 INFO [main] (TC_AddCustomerTest_003.java:28)- password is provided
 INFO [main] (TC_AddCustomerTest_003.java:32)- providing customer details....
 INFO [main] (TC_AddCustomerTest_003.java:65)- validation started....
 INFO [main] (TC_AddCustomerTest_003.java:75)- test case passed....
]]></system-out>
    <system-err><![CDATA[Starting ChromeDriver 2.44.609538 (b655c5a60b0b544917107a59d4153d4bf78e1b90) on port 46691
Only local connections are allowed.
[1613720625.953][WARNING]: Timed out connecting to Chrome, retrying...
февр. 19, 2021 9:43:48 AM org.openqa.selenium.remote.ProtocolHandshake createSession
INFO: Detected dialect: OSS
[1613720633.556][WARNING]: Timed out connecting to Chrome, retrying...
]]></system-err>
  </testcase>
</testsuite>