<?xml version="1.0" encoding="UTF-8"?>
<testng-results ignored="0" total="1" passed="1" failed="0" skipped="0">
  <reporter-output>
  </reporter-output>
  <suite started-at="2021-02-19T09:43:41 EET" name="nopCommerce" finished-at="2021-02-19T09:44:09 EET" duration-ms="28009">
    <groups>
    </groups>
    <test started-at="2021-02-19T09:43:41 EET" name="nopCommerce Test1" finished-at="2021-02-19T09:44:09 EET" duration-ms="28009">
      <class name="com.nopcommerce.testCases.TC_AddCustomerTest_003">
        <test-method is-config="true" signature="setup(java.lang.String)[pri:0, instance:com.nopcommerce.testCases.TC_AddCustomerTest_003@747edf66]" started-at="2021-02-19T09:43:42 EET" name="setup" finished-at="2021-02-19T09:43:48 EET" duration-ms="6007" status="PASS">
          <params>
            <param index="0">
              <value>
                <![CDATA[chrome]]>
              </value>
            </param>
          </params>
          <reporter-output>
          </reporter-output>
        </test-method> <!-- setup -->
        <test-method signature="addNewCustomer()[pri:0, instance:com.nopcommerce.testCases.TC_AddCustomerTest_003@747edf66]" started-at="2021-02-19T09:43:48 EET" name="addNewCustomer" finished-at="2021-02-19T09:44:09 EET" duration-ms="20930" status="PASS">
          <reporter-output>
          </reporter-output>
        </test-method> <!-- addNewCustomer -->
        <test-method is-config="true" signature="tearDown()[pri:0, instance:com.nopcommerce.testCases.TC_AddCustomerTest_003@747edf66]" started-at="2021-02-19T09:44:09 EET" name="tearDown" finished-at="2021-02-19T09:44:09 EET" duration-ms="780" status="PASS">
          <reporter-output>
          </reporter-output>
        </test-method> <!-- tearDown -->
      </class> <!-- com.nopcommerce.testCases.TC_AddCustomerTest_003 -->
    </test> <!-- nopCommerce Test1 -->
  </suite> <!-- nopCommerce -->
</testng-results>
